
=== Wed Jul 24 03:17:32 2019

Packages were changed.
Update Mode: mergeDefaultDependencies

The following packages were updated:
  com.unity.analytics from version 3.2.2 to 3.3.2
  com.unity.collab-proxy from version 1.2.9 to 1.2.16
  com.unity.package-manager-ui from version 2.1.1 to 2.1.2
  com.unity.purchasing from version 2.0.1 to 2.0.6
  com.unity.textmeshpro from version 1.3.0 to 2.0.1
  com.unity.timeline from version 0.0.0-builtin to 1.0.0

<<<<<<< HEAD
=== Wed Sep 18 12:36:11 2019
=======
=== Fri Sep 13 01:15:57 2019
>>>>>>> c22a2134c0560ca1f4a00fd01b363f6cfa14c24b

Packages were changed.
Update Mode: updateDependencies

The following packages were added:
  com.unity.2d.tilemap@1.0.0
<<<<<<< HEAD
  com.unity.2d.sprite@1.0.0
  com.unity.ugui@1.0.0
  com.unity.modules.androidjni@1.0.0
The following packages were updated:
=======
  com.unity.ext.nunit@1.0.0
  com.unity.test-framework@1.0.13
  com.unity.2d.sprite@1.0.0
  com.unity.ide.vscode@1.1.0
  com.unity.ide.rider@1.1.0
  com.unity.ugui@1.0.0
  com.unity.modules.androidjni@1.0.0
The following packages were updated:
  com.unity.package-manager-ui from version 2.1.2 to 2.2.0
>>>>>>> c22a2134c0560ca1f4a00fd01b363f6cfa14c24b
  com.unity.timeline from version 1.0.0 to 1.1.0

=== Wed Sep 18 14:27:43 2019

Packages were changed.
Update Mode: updateDependencies

The following packages were added:
  com.unity.xr.legacyinputhelpers@2.0.2
